{"C:\\Users\\Administrator\\Documents\\Projects\\FunPaste\\app\\models\\pastes.js":{"path":"C:\\Users\\Administrator\\Documents\\Projects\\FunPaste\\app\\models\\pastes.js","s":{"1":1,"2":1,"3":1,"4":1,"5":1,"6":1,"7":1,"8":1,"9":1,"10":1,"11":2,"12":2,"13":2,"14":2,"15":0,"16":0,"17":2,"18":1,"19":2,"20":2,"21":1,"22":1,"23":1,"24":1,"25":0,"26":0,"27":0,"28":0,"29":0,"30":0,"31":0,"32":0,"33":0,"34":0,"35":1,"36":1,"37":0,"38":0,"39":0,"40":0,"41":0,"42":0,"43":1,"44":18,"45":17,"46":1},"b":{"1":[0,2],"2":[1,1],"3":[0,0],"4":[0,0],"5":[0,0],"6":[17,1],"7":[18,17,16,15,14,13,12,11,10,9,8,7,6,5,4,3,2]},"f":{"1":1,"2":2,"3":2,"4":2,"5":2,"6":0,"7":0,"8":0,"9":0,"10":0,"11":0,"12":18},"fnMap":{"1":{"name":"(anonymous_1)","line":7,"loc":{"start":{"line":7,"column":20},"end":{"line":7,"column":38}}},"2":{"name":"(anonymous_2)","line":21,"loc":{"start":{"line":21,"column":27},"end":{"line":21,"column":52}}},"3":{"name":"(anonymous_3)","line":33,"loc":{"start":{"line":33,"column":16},"end":{"line":33,"column":34}}},"4":{"name":"(anonymous_4)","line":44,"loc":{"start":{"line":44,"column":26},"end":{"line":44,"column":53}}},"5":{"name":"(anonymous_5)","line":45,"loc":{"start":{"line":45,"column":28},"end":{"line":45,"column":48}}},"6":{"name":"(anonymous_6)","line":56,"loc":{"start":{"line":56,"column":16},"end":{"line":56,"column":34}}},"7":{"name":"(anonymous_7)","line":61,"loc":{"start":{"line":61,"column":14},"end":{"line":61,"column":32}}},"8":{"name":"(anonymous_8)","line":66,"loc":{"start":{"line":66,"column":29},"end":{"line":66,"column":51}}},"9":{"name":"(anonymous_9)","line":83,"loc":{"start":{"line":83,"column":35},"end":{"line":83,"column":45}}},"10":{"name":"(anonymous_10)","line":84,"loc":{"start":{"line":84,"column":16},"end":{"line":84,"column":26}}},"11":{"name":"(anonymous_11)","line":86,"loc":{"start":{"line":86,"column":18},"end":{"line":86,"column":45}}},"12":{"name":"(anonymous_12)","line":97,"loc":{"start":{"line":97,"column":34},"end":{"line":97,"column":48}}}},"statementMap":{"1":{"start":{"line":1,"column":0},"end":{"line":1,"column":63}},"2":{"start":{"line":2,"column":0},"end":{"line":2,"column":35}},"3":{"start":{"line":3,"column":0},"end":{"line":3,"column":28}},"4":{"start":{"line":5,"column":0},"end":{"line":5,"column":35}},"5":{"start":{"line":6,"column":0},"end":{"line":6,"column":73}},"6":{"start":{"line":7,"column":0},"end":{"line":9,"column":3}},"7":{"start":{"line":8,"column":4},"end":{"line":8,"column":38}},"8":{"start":{"line":11,"column":0},"end":{"line":17,"column":3}},"9":{"start":{"line":19,"column":0},"end":{"line":19,"column":49}},"10":{"start":{"line":21,"column":0},"end":{"line":42,"column":2}},"11":{"start":{"line":23,"column":4},"end":{"line":23,"column":83}},"12":{"start":{"line":25,"column":4},"end":{"line":31,"column":7}},"13":{"start":{"line":33,"column":4},"end":{"line":41,"column":7}},"14":{"start":{"line":34,"column":8},"end":{"line":40,"column":9}},"15":{"start":{"line":35,"column":12},"end":{"line":35,"column":31}},"16":{"start":{"line":36,"column":12},"end":{"line":36,"column":26}},"17":{"start":{"line":39,"column":12},"end":{"line":39,"column":33}},"18":{"start":{"line":44,"column":0},"end":{"line":54,"column":2}},"19":{"start":{"line":45,"column":4},"end":{"line":53,"column":7}},"20":{"start":{"line":46,"column":8},"end":{"line":52,"column":9}},"21":{"start":{"line":47,"column":12},"end":{"line":47,"column":31}},"22":{"start":{"line":48,"column":12},"end":{"line":48,"column":26}},"23":{"start":{"line":51,"column":12},"end":{"line":51,"column":34}},"24":{"start":{"line":56,"column":0},"end":{"line":78,"column":2}},"25":{"start":{"line":57,"column":4},"end":{"line":57,"column":25}},"26":{"start":{"line":58,"column":4},"end":{"line":77,"column":6}},"27":{"start":{"line":62,"column":12},"end":{"line":75,"column":13}},"28":{"start":{"line":63,"column":16},"end":{"line":63,"column":36}},"29":{"start":{"line":66,"column":16},"end":{"line":70,"column":18}},"30":{"start":{"line":67,"column":20},"end":{"line":69,"column":21}},"31":{"start":{"line":68,"column":24},"end":{"line":68,"column":31}},"32":{"start":{"line":71,"column":16},"end":{"line":73,"column":17}},"33":{"start":{"line":72,"column":20},"end":{"line":72,"column":61}},"34":{"start":{"line":74,"column":16},"end":{"line":74,"column":55}},"35":{"start":{"line":81,"column":0},"end":{"line":81,"column":37}},"36":{"start":{"line":83,"column":0},"end":{"line":94,"column":2}},"37":{"start":{"line":84,"column":4},"end":{"line":93,"column":14}},"38":{"start":{"line":85,"column":8},"end":{"line":85,"column":50}},"39":{"start":{"line":86,"column":8},"end":{"line":92,"column":11}},"40":{"start":{"line":87,"column":12},"end":{"line":91,"column":13}},"41":{"start":{"line":88,"column":16},"end":{"line":88,"column":39}},"42":{"start":{"line":90,"column":16},"end":{"line":90,"column":37}},"43":{"start":{"line":97,"column":0},"end":{"line":121,"column":2}},"44":{"start":{"line":98,"column":4},"end":{"line":120,"column":5}},"45":{"start":{"line":117,"column":8},"end":{"line":117,"column":20}},"46":{"start":{"line":119,"column":8},"end":{"line":119,"column":21}}},"branchMap":{"1":{"line":34,"type":"if","locations":[{"start":{"line":34,"column":8},"end":{"line":34,"column":8}},{"start":{"line":34,"column":8},"end":{"line":34,"column":8}}]},"2":{"line":46,"type":"if","locations":[{"start":{"line":46,"column":8},"end":{"line":46,"column":8}},{"start":{"line":46,"column":8},"end":{"line":46,"column":8}}]},"3":{"line":62,"type":"if","locations":[{"start":{"line":62,"column":12},"end":{"line":62,"column":12}},{"start":{"line":62,"column":12},"end":{"line":62,"column":12}}]},"4":{"line":67,"type":"if","locations":[{"start":{"line":67,"column":20},"end":{"line":67,"column":20}},{"start":{"line":67,"column":20},"end":{"line":67,"column":20}}]},"5":{"line":87,"type":"if","locations":[{"start":{"line":87,"column":12},"end":{"line":87,"column":12}},{"start":{"line":87,"column":12},"end":{"line":87,"column":12}}]},"6":{"line":98,"type":"if","locations":[{"start":{"line":98,"column":4},"end":{"line":98,"column":4}},{"start":{"line":98,"column":4},"end":{"line":98,"column":4}}]},"7":{"line":98,"type":"binary-expr","locations":[{"start":{"line":98,"column":8},"end":{"line":98,"column":25}},{"start":{"line":99,"column":8},"end":{"line":99,"column":20}},{"start":{"line":100,"column":8},"end":{"line":100,"column":21}},{"start":{"line":101,"column":8},"end":{"line":101,"column":22}},{"start":{"line":102,"column":8},"end":{"line":102,"column":23}},{"start":{"line":103,"column":8},"end":{"line":103,"column":29}},{"start":{"line":104,"column":8},"end":{"line":104,"column":23}},{"start":{"line":105,"column":8},"end":{"line":105,"column":23}},{"start":{"line":106,"column":8},"end":{"line":106,"column":21}},{"start":{"line":107,"column":8},"end":{"line":107,"column":23}},{"start":{"line":108,"column":8},"end":{"line":108,"column":22}},{"start":{"line":109,"column":8},"end":{"line":109,"column":25}},{"start":{"line":110,"column":8},"end":{"line":110,"column":23}},{"start":{"line":111,"column":8},"end":{"line":111,"column":25}},{"start":{"line":112,"column":8},"end":{"line":112,"column":22}},{"start":{"line":113,"column":8},"end":{"line":113,"column":21}},{"start":{"line":114,"column":8},"end":{"line":114,"column":25}}]}}},"C:\\Users\\Administrator\\Documents\\Projects\\FunPaste\\app\\config\\config.js":{"path":"C:\\Users\\Administrator\\Documents\\Projects\\FunPaste\\app\\config\\config.js","s":{"1":1,"2":1,"3":1,"4":1},"b":{"1":[1,1],"2":[1,1],"3":[1,1]},"f":{},"fnMap":{},"statementMap":{"1":{"start":{"line":1,"column":0},"end":{"line":1,"column":27}},"2":{"start":{"line":2,"column":0},"end":{"line":2,"column":52}},"3":{"start":{"line":3,"column":0},"end":{"line":3,"column":46}},"4":{"start":{"line":6,"column":0},"end":{"line":25,"column":2}}},"branchMap":{"1":{"line":10,"type":"binary-expr","locations":[{"start":{"line":10,"column":14},"end":{"line":10,"column":30}},{"start":{"line":10,"column":34},"end":{"line":10,"column":38}}]},"2":{"line":16,"type":"binary-expr","locations":[{"start":{"line":16,"column":14},"end":{"line":16,"column":30}},{"start":{"line":16,"column":34},"end":{"line":16,"column":36}}]},"3":{"line":22,"type":"binary-expr","locations":[{"start":{"line":22,"column":14},"end":{"line":22,"column":30}},{"start":{"line":22,"column":34},"end":{"line":22,"column":36}}]}}},"C:\\Users\\Administrator\\Documents\\Projects\\FunPaste\\app\\config\\connectionString.js":{"path":"C:\\Users\\Administrator\\Documents\\Projects\\FunPaste\\app\\config\\connectionString.js","s":{"1":1},"b":{},"f":{},"fnMap":{},"statementMap":{"1":{"start":{"line":1,"column":0},"end":{"line":5,"column":2}}},"branchMap":{}}}