TN:
SF:C:\Users\Administrator\Documents\Projects\FunPaste\app\models\pastes.js
FN:7,(anonymous_1)
FN:21,(anonymous_2)
FN:33,(anonymous_3)
FN:44,(anonymous_4)
FN:45,(anonymous_5)
FN:56,(anonymous_6)
FN:61,(anonymous_7)
FN:66,(anonymous_8)
FN:83,(anonymous_9)
FN:84,(anonymous_10)
FN:86,(anonymous_11)
FN:97,(anonymous_12)
FNF:12
FNH:6
FNDA:1,(anonymous_1)
FNDA:2,(anonymous_2)
FNDA:2,(anonymous_3)
FNDA:2,(anonymous_4)
FNDA:2,(anonymous_5)
FNDA:0,(anonymous_6)
FNDA:0,(anonymous_7)
FNDA:0,(anonymous_8)
FNDA:0,(anonymous_9)
FNDA:0,(anonymous_10)
FNDA:0,(anonymous_11)
FNDA:18,(anonymous_12)
DA:1,1
DA:2,1
DA:3,1
DA:5,1
DA:6,1
DA:7,1
DA:8,1
DA:11,1
DA:19,1
DA:21,1
DA:23,2
DA:25,2
DA:33,2
DA:34,2
DA:35,0
DA:36,0
DA:39,2
DA:44,1
DA:45,2
DA:46,2
DA:47,1
DA:48,1
DA:51,1
DA:56,1
DA:57,0
DA:58,0
DA:62,0
DA:63,0
DA:66,0
DA:67,0
DA:68,0
DA:71,0
DA:72,0
DA:74,0
DA:81,1
DA:83,1
DA:84,0
DA:85,0
DA:86,0
DA:87,0
DA:88,0
DA:90,0
DA:97,1
DA:98,18
DA:117,17
DA:119,1
LF:46
LH:28
BRDA:34,1,0,0
BRDA:34,1,1,2
BRDA:46,2,0,1
BRDA:46,2,1,1
BRDA:62,3,0,0
BRDA:62,3,1,0
BRDA:67,4,0,0
BRDA:67,4,1,0
BRDA:87,5,0,0
BRDA:87,5,1,0
BRDA:98,6,0,17
BRDA:98,6,1,1
BRDA:98,7,0,18
BRDA:98,7,1,17
BRDA:98,7,2,16
BRDA:98,7,3,15
BRDA:98,7,4,14
BRDA:98,7,5,13
BRDA:98,7,6,12
BRDA:98,7,7,11
BRDA:98,7,8,10
BRDA:98,7,9,9
BRDA:98,7,10,8
BRDA:98,7,11,7
BRDA:98,7,12,6
BRDA:98,7,13,5
BRDA:98,7,14,4
BRDA:98,7,15,3
BRDA:98,7,16,2
BRF:29
BRH:22
end_of_record
TN:
SF:C:\Users\Administrator\Documents\Projects\FunPaste\app\config\config.js
FNF:0
FNH:0
DA:1,1
DA:2,1
DA:3,1
DA:6,1
LF:4
LH:4
BRDA:10,1,0,1
BRDA:10,1,1,1
BRDA:16,2,0,1
BRDA:16,2,1,1
BRDA:22,3,0,1
BRDA:22,3,1,1
BRF:6
BRH:6
end_of_record
TN:
SF:C:\Users\Administrator\Documents\Projects\FunPaste\app\config\connectionString.js
FNF:0
FNH:0
DA:1,1
LF:1
LH:1
BRF:0
BRH:0
end_of_record
